[ 2025-03-20 16:14:43,267 ] 1025 httpx - INFO - HTTP Request: GET https://dagshub.com/api/v1/user "HTTP/1.1 200 OK"
[ 2025-03-20 16:14:43,276 ] 107 dagshub - INFO - Accessing as mansisawantt
[ 2025-03-20 16:14:44,073 ] 1025 httpx - INFO - HTTP Request: GET https://dagshub.com/api/v1/repos/mansisawantt/MLOps-Based-Network-Security-System-with-ETL-Pipelines "HTTP/1.1 200 OK"
[ 2025-03-20 16:14:44,581 ] 1025 httpx - INFO - HTTP Request: GET https://dagshub.com/api/v1/user "HTTP/1.1 200 OK"
[ 2025-03-20 16:14:44,587 ] 107 dagshub - INFO - Initialized MLflow to track repo "mansisawantt/MLOps-Based-Network-Security-System-with-ETL-Pipelines"
[ 2025-03-20 16:14:44,588 ] 107 dagshub - INFO - Repository mansisawantt/MLOps-Based-Network-Security-System-with-ETL-Pipelines initialized!
[ 2025-03-20 16:14:56,657 ] 42 root - INFO - Start data Ingestion
[ 2025-03-20 16:15:04,642 ] 65 root - INFO - Performed train test split on the dataframe
[ 2025-03-20 16:15:04,642 ] 67 root - INFO - Exited split_data_as_train_test method of Data_Ingestion class
[ 2025-03-20 16:15:04,643 ] 75 root - INFO - Exporting train and test file path.
[ 2025-03-20 16:15:04,784 ] 84 root - INFO - Exported train and test file path.
[ 2025-03-20 16:15:04,785 ] 45 root - INFO - Data Ingestion completed and artifact: DataIngestionArtifact(trained_file_path='Artifacts\\03_20_2025_16_14_36\\data_ingestion\\ingested\\train.csv', test_file_path='Artifacts\\03_20_2025_16_14_36\\data_ingestion\\ingested\\test.csv')
[ 2025-03-20 16:15:04,812 ] 55 root - INFO - Initiate the data Validation
[ 2025-03-20 16:15:04,859 ] 32 root - INFO - Required number of columns:2
[ 2025-03-20 16:15:04,859 ] 33 root - INFO - Data frame has columns:31
[ 2025-03-20 16:15:04,859 ] 32 root - INFO - Required number of columns:2
[ 2025-03-20 16:15:04,860 ] 33 root - INFO - Data frame has columns:31
[ 2025-03-20 16:15:05,234 ] 63 root - INFO - Entered initiate_data_transformation method of DataTransformation class
[ 2025-03-20 16:15:05,234 ] 65 root - INFO - Starting data transformation
[ 2025-03-20 16:15:05,288 ] 48 root - INFO - Entered get_data_trnasformer_object method of Trnasformation class
[ 2025-03-20 16:15:05,288 ] 53 root - INFO - Initialise KNNImputer with {'missing_values': nan, 'n_neighbors': 3, 'weights': 'uniform'}
[ 2025-03-20 16:15:05,309 ] 46 root - INFO - Entered the save_object method of MainUtils class
[ 2025-03-20 16:15:05,315 ] 50 root - INFO - Exited the save_object method of MainUtils class
[ 2025-03-20 16:15:05,315 ] 46 root - INFO - Entered the save_object method of MainUtils class
[ 2025-03-20 16:15:05,320 ] 50 root - INFO - Exited the save_object method of MainUtils class
[ 2025-03-20 16:27:13,184 ] 46 root - INFO - Entered the save_object method of MainUtils class
[ 2025-03-20 16:27:13,185 ] 50 root - INFO - Exited the save_object method of MainUtils class
[ 2025-03-20 16:27:13,185 ] 46 root - INFO - Entered the save_object method of MainUtils class
[ 2025-03-20 16:27:13,235 ] 50 root - INFO - Exited the save_object method of MainUtils class
[ 2025-03-20 16:27:13,235 ] 137 root - INFO - Model trainer artifact: ModelTrainerArtifact(trained_model_file_path='Artifacts\\03_20_2025_16_14_36\\model_trainer\\trained_model\\model.pkl', train_metric_artifact=ClassificationMetricArtifact(f1_score=0.9919093851132686, precision_score=0.9905069682892345, recall_score=0.9933157788130443), test_metric_artifact=ClassificationMetricArtifact(f1_score=0.9714285714285714, precision_score=0.967479674796748, recall_score=0.9754098360655737))
